2021-09-10 22:04:14.947 [main][4189] INFO  automation_test.mortgage_calculator.CalculateMonthlyPayment - ---------- Start Test (CalculateMonthlyPayment)---------
2021-09-10 22:04:16.614 [main][5856] INFO  automation_test.mortgage_calculator.CalculateMonthlyPayment - Browser is successfully initiated with the url https://www.mortgagecalculator.org/
2021-09-10 22:04:16.742 [main][5984] DEBUG page_objects.Home - Entered home price is 300000
2021-09-10 22:04:16.885 [main][6127] DEBUG page_objects.Home - Entered down payment is 60000
2021-09-10 22:04:16.960 [main][6202] DEBUG page_objects.Home - Clicked on the Down Payment in Dollar
2021-09-10 22:04:17.033 [main][6275] DEBUG page_objects.Home - entered Loan Amount is 240000
2021-09-10 22:04:17.113 [main][6355] DEBUG page_objects.Home - entered Interest Rate is 3
2021-09-10 22:04:17.187 [main][6429] DEBUG page_objects.Home - entered Loan Term is 30
2021-09-10 22:04:17.266 [main][6508] DEBUG page_objects.Home - Selected Month is:Oct
2021-09-10 22:04:17.378 [main][6620] DEBUG page_objects.Home - entered year is 2021
2021-09-10 22:04:17.449 [main][6691] DEBUG page_objects.Home - entered Property Tax is 5000
2021-09-10 22:04:17.530 [main][6772] DEBUG page_objects.Home - entered PMI is 0.5
2021-09-10 22:04:17.614 [main][6856] DEBUG page_objects.Home - entered Home Owner Insurance is 1000
2021-09-10 22:04:17.684 [main][6926] DEBUG page_objects.Home - entered Home Owner Association is 100
2021-09-10 22:04:17.763 [main][7005] DEBUG page_objects.Home - Selected Loan Type is:FHA
2021-09-10 22:04:17.876 [main][7118] DEBUG page_objects.Home - Selected buy of refi option is:Buy
2021-09-10 22:04:17.969 [main][7211] DEBUG page_objects.Home - Clicked on the Calculate button
2021-09-10 22:04:18.808 [main][8050] DEBUG page_objects.Home - Validating the monthly Payment $1,611.85
2021-09-10 22:04:19.468 [main][8710] INFO  automation_test.mortgage_calculator.CalculateMonthlyPayment - Browser is closed
2021-09-10 22:04:19.468 [main][8710] INFO  automation_test.mortgage_calculator.CalculateMonthlyPayment - == End Test (CalculateMonthlyPayment)==
2021-09-10 22:04:20.542 [main][9784] INFO  automation_test.mortgage_calculator.CalculateRates - ---------- Start Test (CalculateRates)---------
2021-09-10 22:04:22.021 [main][11263] INFO  automation_test.mortgage_calculator.CalculateRates - Browser is successfully initiated with the url https://www.mortgagecalculator.org/
2021-09-10 22:04:22.029 [main][11271] DEBUG page_objects.NavigationBar - Mouse Hover to Rates link in the Navigation Bar
2021-09-10 22:04:22.237 [main][11479] DEBUG page_objects.NavigationBar - Navigating to Real Apr Page
2021-09-10 22:04:23.425 [main][12667] DEBUG page_objects.RealApr - Entered Home Value is 200000
2021-09-10 22:04:23.772 [main][13014] DEBUG page_objects.RealApr - Clicked on Down Payment In Dollar
2021-09-10 22:04:23.972 [main][13214] DEBUG page_objects.RealApr - Entered Interest Rate is 3
2021-09-10 22:04:24.106 [main][13348] DEBUG page_objects.RealApr - Clicked on Calculate Button
2021-09-10 22:04:25.238 [main][14480] DEBUG page_objects.RealApr - Validating the Real Apr Value3.127%
2021-09-10 22:04:25.872 [main][15114] INFO  automation_test.mortgage_calculator.CalculateRates - Browser is closed
2021-09-10 22:04:25.872 [main][15114] INFO  automation_test.mortgage_calculator.CalculateRates - == End Test (CalculateRates)==
2021-09-10 22:04:26.949 [main][16191] INFO  automation_test.php_travel.ValidatePHPTravelWebTitle - ---------- Start Test (ValidatePHPTravelWebTitle)---------
2021-09-10 22:04:27.761 [main][17003] INFO  automation_test.php_travel.ValidatePHPTravelWebTitle - Browser is successfully initiated with the url https://phptravels.com/demo/ 
2021-09-10 22:04:28.367 [main][17609] INFO  automation_test.php_travel.ValidatePHPTravelWebTitle - Browser is closed
2021-09-10 22:04:28.367 [main][17609] INFO  automation_test.php_travel.ValidatePHPTravelWebTitle - == End Test (ValidatePHPTravelWebTitle)==
2021-09-10 22:04:28.371 [main][17613] INFO  api_test.GetTestWithPathVariable - --------------------API Test: Attempt To Retrieve User With Invalid id
2021-09-10 22:04:29.537 [main][18779] DEBUG api_test.GetTestWithPathVariable - {
    
}
2021-09-10 22:04:29.599 [main][18841] INFO  api_test.GetTestWithPathVariable - --------------------End Test: Attempt To Retrieve User With Invalid id
2021-09-10 22:04:29.603 [main][18845] INFO  api_test.GetTestWithPathVariable - --------------------API Test: Read(Get) A Single User with Path Variable
2021-09-10 22:04:29.715 [main][18957] DEBUG api_test.GetTestWithPathVariable - {
    "data": {
        "id": 2,
        "email": "janet.weaver@reqres.in",
        "first_name": "Janet",
        "last_name": "Weaver",
        "avatar": "https://reqres.in/img/faces/2-image.jpg"
    },
    "support": {
        "url": "https://reqres.in/#support-heading",
        "text": "To keep ReqRes free, contributions towards server costs are appreciated!"
    }
}
2021-09-10 22:04:30.001 [main][19243] INFO  api_test.GetTestWithPathVariable - --------------------End Test: Read(Get) A Single User with Path Variable
2021-09-10 22:04:30.004 [main][19246] INFO  api_test.GetTestWithQueryParameter - --------------------API Test: Read(Get) ALL Users with query Parameter
2021-09-10 22:04:30.119 [main][19361] DEBUG api_test.GetTestWithQueryParameter - {
    "page": 2,
    "per_page": 6,
    "total": 12,
    "total_pages": 2,
    "data": [
        {
            "id": 7,
            "email": "michael.lawson@reqres.in",
            "first_name": "Michael",
            "last_name": "Lawson",
            "avatar": "https://reqres.in/img/faces/7-image.jpg"
        },
        {
            "id": 8,
            "email": "lindsay.ferguson@reqres.in",
            "first_name": "Lindsay",
            "last_name": "Ferguson",
            "avatar": "https://reqres.in/img/faces/8-image.jpg"
        },
        {
            "id": 9,
            "email": "tobias.funke@reqres.in",
            "first_name": "Tobias",
            "last_name": "Funke",
            "avatar": "https://reqres.in/img/faces/9-image.jpg"
        },
        {
            "id": 10,
            "email": "byron.fields@reqres.in",
            "first_name": "Byron",
            "last_name": "Fields",
            "avatar": "https://reqres.in/img/faces/10-image.jpg"
        },
        {
            "id": 11,
            "email": "george.edwards@reqres.in",
            "first_name": "George",
            "last_name": "Edwards",
            "avatar": "https://reqres.in/img/faces/11-image.jpg"
        },
        {
            "id": 12,
            "email": "rachel.howell@reqres.in",
            "first_name": "Rachel",
            "last_name": "Howell",
            "avatar": "https://reqres.in/img/faces/12-image.jpg"
        }
    ],
    "support": {
        "url": "https://reqres.in/#support-heading",
        "text": "To keep ReqRes free, contributions towards server costs are appreciated!"
    }
}
2021-09-10 22:04:30.131 [main][19373] INFO  api_test.GetTestWithQueryParameter - --------------------End Test: Read(Get) ALL Users with query Parameter
2021-09-10 22:04:30.133 [main][19375] INFO  api_test.SimpleDeleteTest - --------------------API Test: Delete User
2021-09-10 22:04:30.415 [main][19657] INFO  api_test.SimpleDeleteTest - --------------------End Test: Delete User
2021-09-10 22:04:30.417 [main][19659] INFO  api_test.SimpleGetTest - --------------------API Test: Read(Get) ALL Users
2021-09-10 22:04:30.507 [main][19749] DEBUG api_test.SimpleGetTest - {
    "page": 1,
    "per_page": 6,
    "total": 12,
    "total_pages": 2,
    "data": [
        {
            "id": 1,
            "email": "george.bluth@reqres.in",
            "first_name": "George",
            "last_name": "Bluth",
            "avatar": "https://reqres.in/img/faces/1-image.jpg"
        },
        {
            "id": 2,
            "email": "janet.weaver@reqres.in",
            "first_name": "Janet",
            "last_name": "Weaver",
            "avatar": "https://reqres.in/img/faces/2-image.jpg"
        },
        {
            "id": 3,
            "email": "emma.wong@reqres.in",
            "first_name": "Emma",
            "last_name": "Wong",
            "avatar": "https://reqres.in/img/faces/3-image.jpg"
        },
        {
            "id": 4,
            "email": "eve.holt@reqres.in",
            "first_name": "Eve",
            "last_name": "Holt",
            "avatar": "https://reqres.in/img/faces/4-image.jpg"
        },
        {
            "id": 5,
            "email": "charles.morris@reqres.in",
            "first_name": "Charles",
            "last_name": "Morris",
            "avatar": "https://reqres.in/img/faces/5-image.jpg"
        },
        {
            "id": 6,
            "email": "tracey.ramos@reqres.in",
            "first_name": "Tracey",
            "last_name": "Ramos",
            "avatar": "https://reqres.in/img/faces/6-image.jpg"
        }
    ],
    "support": {
        "url": "https://reqres.in/#support-heading",
        "text": "To keep ReqRes free, contributions towards server costs are appreciated!"
    }
}
2021-09-10 22:04:30.516 [main][19758] INFO  api_test.SimpleGetTest - --------------------End Test: Read(Get) ALL Users
2021-09-10 22:04:30.518 [main][19760] INFO  api_test.SimplePatchTest - --------------------API Test: Update(Patch) User's Single Field
2021-09-10 22:04:30.582 [main][19824] DEBUG api_test.SimplePatchTest - new job position is Administrator
2021-09-10 22:04:30.900 [main][20142] DEBUG api_test.SimplePatchTest - {
    "job": "Administrator",
    "updatedAt": "2021-09-11T02:04:30.357Z"
}
2021-09-10 22:04:30.906 [main][20148] INFO  api_test.SimplePatchTest - --------------------End Test: Update(Patch) User's Single Field
2021-09-10 22:04:30.908 [main][20150] INFO  api_test.SimplePostTest - --------------------API Test: Create(Post) A New User
2021-09-10 22:04:30.949 [main][20191] DEBUG api_test.SimplePostTest - new user name is Myrtle King
2021-09-10 22:04:30.951 [main][20193] DEBUG api_test.SimplePostTest - new job position is Executive
2021-09-10 22:04:31.248 [main][20490] DEBUG api_test.SimplePostTest - {
    "name": "Myrtle King",
    "job": "Executive",
    "id": "885",
    "createdAt": "2021-09-11T02:04:30.712Z"
}
2021-09-10 22:04:31.254 [main][20496] INFO  api_test.SimplePostTest - --------------------End Test: Create(Post) A New User
2021-09-10 22:04:31.257 [main][20499] INFO  api_test.SimplePutTest - --------------------API Test: Update User Fields
2021-09-10 22:04:31.271 [main][20513] DEBUG api_test.SimplePutTest - new user name is Kandace VonRueden Jr.
2021-09-10 22:04:31.272 [main][20514] DEBUG api_test.SimplePutTest - new job position is Agent
2021-09-10 22:04:31.557 [main][20799] DEBUG api_test.SimplePutTest - {
    "name": "Kandace VonRueden Jr.",
    "job": "Agent",
    "updatedAt": "2021-09-11T02:04:31.014Z"
}
2021-09-10 22:04:31.563 [main][20805] INFO  api_test.SimplePutTest - --------------------End Test: Update User Fields
